Base path: D:/Editor/Data
Pipe name: \\.\pipe\UnityShaderCompiler-1-3672
Cmd: getPlatforms
Cmd: compileSnippet
  api=5 type=0 insize=986 outsize=709 kw= ok=1
Cmd: compileSnippet
  api=5 type=1 insize=986 outsize=6 kw= ok=1
Cmd: compileSnippet
  api=5 type=0 insize=1203 outsize=1137 kw= ok=1
Cmd: compileSnippet
  api=5 type=1 insize=1203 outsize=6 kw= ok=1
Cmd: compileSnippet
  api=5 type=0 insize=1322 outsize=1462 kw= ok=1
Cmd: compileSnippet
  api=5 type=1 insize=1322 outsize=6 kw= ok=1
Cmd: compileSnippet
  api=5 type=0 insize=1274 outsize=1046 kw= ok=1
Cmd: compileSnippet
  api=5 type=1 insize=1274 outsize=6 kw= ok=1
Cmd: compileSnippet
  api=5 type=0 insize=1260 outsize=1011 kw= ok=1
Cmd: compileSnippet
  api=5 type=1 insize=1260 outsize=6 kw= ok=1
Cmd: compileSnippet
  api=5 type=0 insize=949 outsize=763 kw= ok=1
Cmd: compileSnippet
  api=5 type=1 insize=949 outsize=6 kw= ok=1
Cmd: compileSnippet
  api=5 type=0 insize=1260 outsize=1336 kw= ok=1
Cmd: compileSnippet
  api=5 type=1 insize=1260 outsize=6 kw= ok=1
Cmd: compileSnippet
  api=5 type=0 insize=1282 outsize=1273 kw= ok=1
Cmd: compileSnippet
  api=5 type=1 insize=1282 outsize=6 kw= ok=1
Cmd: compileSnippet
  api=5 type=0 insize=1222 outsize=1113 kw= ok=1
Cmd: compileSnippet
  api=5 type=1 insize=1222 outsize=6 kw= ok=1
Cmd: compileSnippet
  api=5 type=0 insize=1218 outsize=1113 kw= ok=1
Cmd: compileSnippet
  api=5 type=1 insize=1218 outsize=6 kw= ok=1
Cmd: compileSnippet
  api=5 type=0 insize=1277 outsize=1030 kw= ok=1
Cmd: compileSnippet
  api=5 type=1 insize=1277 outsize=6 kw= ok=1
Cmd: compileSnippet
  api=5 type=0 insize=1333 outsize=1046 kw= ok=1
Cmd: compileSnippet
  api=5 type=1 insize=1333 outsize=6 kw= ok=1
Cmd: compileSnippet
  api=5 type=0 insize=956 outsize=781 kw= ok=1
Cmd: compileSnippet
  api=5 type=1 insize=956 outsize=6 kw= ok=1
Cmd: compileSnippet
  api=5 type=0 insize=942 outsize=619 kw= ok=1
Cmd: compileSnippet
  api=5 type=1 insize=942 outsize=6 kw= ok=1
Cmd: compileSnippet
  api=5 type=0 insize=1051 outsize=1040 kw= ok=1
Cmd: compileSnippet
  api=5 type=1 insize=1051 outsize=6 kw= ok=1
Cmd: compileSnippet
  api=5 type=0 insize=1041 outsize=916 kw= ok=1
Cmd: compileSnippet
  api=5 type=1 insize=1041 outsize=6 kw= ok=1
Cmd: compileSnippet
  api=9 type=1 insize=1041 outsize=7 kw= ok=1
Cmd: preprocess
  insize=219 outsize=219 ok=1
Cmd: preprocess
  insize=2367 outsize=899 ok=1
Cmd: compileSnippet
  api=1 type=0 insize=1770 outsize=308 kw= ok=1
Cmd: compileSnippet
  api=1 type=1 insize=1770 outsize=351 kw= ok=1
Cmd: preprocess
  insize=1571 outsize=492 ok=1
Cmd: compileSnippet
  api=1 type=0 insize=1381 outsize=186 kw= ok=1
Cmd: compileSnippet
  api=1 type=1 insize=1381 outsize=462 kw= ok=1
Cmd: preprocess
  insize=2355 outsize=505 ok=1
Cmd: compileSnippet
  api=1 type=0 insize=2154 outsize=425 kw= ok=1
Cmd: compileSnippet
  api=1 type=1 insize=2154 outsize=461 kw= ok=1
Cmd: preprocess
  insize=1989 outsize=503 ok=1
Cmd: compileSnippet
  api=1 type=0 insize=1788 outsize=308 kw= ok=1
Cmd: compileSnippet
  api=1 type=1 insize=1788 outsize=362 kw= ok=1
Cmd: preprocess
  insize=480 outsize=480 ok=1
Cmd: preprocess
  insize=2810 outsize=895 ok=1
Cmd: compileSnippet
  api=1 type=0 insize=2219 outsize=425 kw= ok=1
Cmd: compileSnippet
  api=1 type=1 insize=2219 outsize=430 kw= ok=1
Cmd: preprocess
  insize=2443 outsize=893 ok=1
Cmd: compileSnippet
  api=1 type=0 insize=1852 outsize=308 kw= ok=1
Cmd: compileSnippet
  api=1 type=1 insize=1852 outsize=331 kw= ok=1
Cmd: preprocess
  insize=1452 outsize=830 ok=1
Cmd: compileSnippet
  api=1 type=0 insize=924 outsize=158 kw= ok=1
Cmd: compileSnippet
  api=1 type=1 insize=924 outsize=104 kw= ok=1
Cmd: preprocess
  insize=2734 outsize=900 ok=1
Cmd: compileSnippet
  api=1 type=0 insize=2137 outsize=425 kw= ok=1
Cmd: compileSnippet
  api=1 type=1 insize=2137 outsize=450 kw= ok=1
Cmd: preprocess
  insize=1920 outsize=893 ok=1
Cmd: compileSnippet
  api=1 type=0 insize=1329 outsize=186 kw= ok=1
Cmd: compileSnippet
  api=1 type=1 insize=1329 outsize=215 kw= ok=1
Cmd: preprocess
  insize=1453 outsize=503 ok=1
Cmd: compileSnippet
  api=1 type=0 insize=1252 outsize=186 kw= ok=1
Cmd: compileSnippet
  api=1 type=1 insize=1252 outsize=246 kw= ok=1
Cmd: preprocess
  insize=3042 outsize=1804 ok=1
Cmd: preprocess
  insize=1834 outsize=899 ok=1
Cmd: compileSnippet
  api=1 type=0 insize=1237 outsize=186 kw= ok=1
Cmd: compileSnippet
  api=1 type=1 insize=1237 outsize=217 kw= ok=1
Cmd: preprocess
  insize=2474 outsize=494 ok=1
Cmd: compileSnippet
  api=1 type=0 insize=2284 outsize=425 kw= ok=1
Cmd: compileSnippet
  api=1 type=1 insize=2284 outsize=695 kw= ok=1
Cmd: preprocess
  insize=435 outsize=435 ok=1
Cmd: preprocess
  insize=1458 outsize=859 ok=1
Cmd: compileSnippet
  api=1 type=0 insize=901 outsize=158 kw= ok=1
Cmd: compileSnippet
  api=1 type=1 insize=901 outsize=81 kw= ok=1
Cmd: preprocess
  insize=5978 outsize=3432 ok=1
Cmd: preprocess
  insize=1524 outsize=883 ok=1
Cmd: preprocess
  insize=2361 outsize=2258 ok=1
Cmd: preprocess
  insize=1232 outsize=483 ok=1
Cmd: preprocess
  insize=2107 outsize=493 ok=1
Cmd: compileSnippet
  api=1 type=0 insize=1917 outsize=308 kw= ok=1
Cmd: compileSnippet
  api=1 type=1 insize=1917 outsize=596 kw= ok=1
Cmd: preprocess
  insize=1668 outsize=929 ok=1
Cmd: preprocess
  insize=219 outsize=219 ok=1
Cmd: preprocess
  insize=2317 outsize=849 ok=1
Cmd: compileSnippet
  api=1 type=0 insize=1770 outsize=308 kw= ok=1
Cmd: compileSnippet
  api=1 type=1 insize=1770 outsize=351 kw= ok=1
Cmd: preprocess
  insize=1571 outsize=492 ok=1
Cmd: preprocess
  insize=2330 outsize=479 ok=1
Cmd: compileSnippet
  api=1 type=0 insize=2154 outsize=425 kw= ok=1
Cmd: compileSnippet
  api=1 type=1 insize=2154 outsize=461 kw= ok=1
Cmd: preprocess
  insize=1964 outsize=478 ok=1
Cmd: compileSnippet
  api=1 type=0 insize=1788 outsize=308 kw= ok=1
Cmd: compileSnippet
  api=1 type=1 insize=1788 outsize=362 kw= ok=1
Cmd: preprocess
  insize=480 outsize=480 ok=1
Cmd: preprocess
  insize=2810 outsize=895 ok=1
Cmd: preprocess
  insize=2443 outsize=893 ok=1
Cmd: preprocess
  insize=1452 outsize=830 ok=1
Cmd: preprocess
  insize=2684 outsize=850 ok=1
Cmd: compileSnippet
  api=1 type=0 insize=2137 outsize=425 kw= ok=1
Cmd: compileSnippet
  api=1 type=1 insize=2137 outsize=450 kw= ok=1
Cmd: preprocess
  insize=1920 outsize=893 ok=1
Cmd: preprocess
  insize=1428 outsize=478 ok=1
Cmd: compileSnippet
  api=1 type=0 insize=1252 outsize=186 kw= ok=1
Cmd: compileSnippet
  api=1 type=1 insize=1252 outsize=246 kw= ok=1
Cmd: preprocess
  insize=3042 outsize=1804 ok=1
Cmd: preprocess
  insize=1784 outsize=849 ok=1
Cmd: compileSnippet
  api=1 type=0 insize=1237 outsize=186 kw= ok=1
Cmd: compileSnippet
  api=1 type=1 insize=1237 outsize=217 kw= ok=1
Cmd: preprocess
  insize=2474 outsize=494 ok=1
Cmd: preprocess
  insize=435 outsize=435 ok=1
Cmd: preprocess
  insize=1433 outsize=834 ok=1
Cmd: preprocess
  insize=5978 outsize=3432 ok=1
Cmd: preprocess
  insize=1524 outsize=883 ok=1
Cmd: preprocess
  insize=2361 outsize=2258 ok=1
Cmd: preprocess
  insize=1232 outsize=483 ok=1
Cmd: preprocess
  insize=2107 outsize=493 ok=1
Cmd: preprocess
  insize=1668 outsize=929 ok=1
Cmd: preprocess
  insize=219 outsize=219 ok=1
Cmd: preprocess
  insize=2317 outsize=849 ok=1
Cmd: preprocess
  insize=1571 outsize=492 ok=1
Cmd: preprocess
  insize=2330 outsize=479 ok=1
Cmd: preprocess
  insize=1964 outsize=478 ok=1
Cmd: preprocess
  insize=480 outsize=480 ok=1
Cmd: preprocess
  insize=2810 outsize=895 ok=1
Cmd: preprocess
  insize=2443 outsize=893 ok=1
Cmd: preprocess
  insize=1452 outsize=830 ok=1
Cmd: preprocess
  insize=2684 outsize=850 ok=1
Cmd: preprocess
  insize=1920 outsize=893 ok=1
Cmd: preprocess
  insize=1428 outsize=478 ok=1
Cmd: preprocess
  insize=3042 outsize=1804 ok=1
Cmd: preprocess
  insize=1784 outsize=849 ok=1
Cmd: preprocess
  insize=2474 outsize=494 ok=1
Cmd: preprocess
  insize=435 outsize=435 ok=1
Cmd: preprocess
  insize=1433 outsize=834 ok=1
Cmd: preprocess
  insize=5978 outsize=3432 ok=1
Cmd: preprocess
  insize=1524 outsize=883 ok=1
Cmd: preprocess
  insize=2361 outsize=2258 ok=1
Cmd: preprocess
  insize=1232 outsize=483 ok=1
Cmd: preprocess
  insize=2107 outsize=493 ok=1
Cmd: preprocess
  insize=1668 outsize=929 ok=1
